<?xml version="1.0" encoding="UTF-8"?>
<!-- Generated by org.testng.reporters.JUnitReportReporter -->
<testsuite skipped="0" hostname="DESKTOP-CG9G5TL" name="com.realAnalist.cwcot.GmailFileUpload" tests="3" failures="0" timestamp="20 Sep 2019 18:27:49 GMT" time="54.435" errors="0">
  <testcase name="logIn" time="20.411" classname="com.realAnalist.cwcot.GmailFileUpload"/>
  <testcase name="composeMail" time="8.527" classname="com.realAnalist.cwcot.GmailFileUpload"/>
  <testcase name="uplosdResume" time="25.497" classname="com.realAnalist.cwcot.GmailFileUpload"/>
</testsuite> <!-- com.realAnalist.cwcot.GmailFileUpload -->
