<?xml version="1.0" encoding="UTF-8"?>
<!-- Generated by org.testng.reporters.JUnitReportReporter -->
<testsuite skipped="0" hostname="DESKTOP-CG9G5TL" name="com.realAnalist.cwcot.GroupExecutionClass" tests="2" failures="0" timestamp="20 Sep 2019 18:27:49 GMT" time="0.012" errors="0">
  <testcase name="test3" time="0.004" classname="com.realAnalist.cwcot.GroupExecutionClass"/>
  <testcase name="test2" time="0.008" classname="com.realAnalist.cwcot.GroupExecutionClass"/>
</testsuite> <!-- com.realAnalist.cwcot.GroupExecutionClass -->
