<?xml version="1.0" encoding="UTF-8"?>
<!-- Generated by org.testng.reporters.JUnitReportReporter -->
<testsuite skipped="0" hostname="DESKTOP-CG9G5TL" name="mercuryTools.MercuryToolsValidation" tests="1" failures="0" timestamp="16 Sep 2019 13:12:12 GMT" time="73.230" errors="0">
  <testcase name="registerPage" time="73.230" classname="mercuryTools.MercuryToolsValidation"/>
</testsuite> <!-- mercuryTools.MercuryToolsValidation -->
