<?xml version="1.0" encoding="UTF-8"?>
<!-- Generated by org.testng.reporters.JUnitReportReporter -->
<testsuite skipped="0" hostname="DESKTOP-CG9G5TL" name="com.realAnalist.cwcot.FileUpload" tests="2" failures="0" timestamp="24 Sep 2019 15:33:53 GMT" time="31.616" errors="0">
  <testcase name="logIn" time="3.209" classname="com.realAnalist.cwcot.FileUpload"/>
  <testcase name="uplosdResume" time="28.407" classname="com.realAnalist.cwcot.FileUpload"/>
</testsuite> <!-- com.realAnalist.cwcot.FileUpload -->
